2026-05-28 01:52:30,046 INFO o.a.j.u.JMeterUtils: Setting Locale to en_EN
2026-05-28 01:52:30,070 INFO o.a.j.JMeter: Loading user properties from: C:\Users\RAUNAK\Downloads\apache-jmeter-5.6.3\apache-jmeter-5.6.3\bin\user.properties
2026-05-28 01:52:30,071 INFO o.a.j.JMeter: Loading system properties from: C:\Users\RAUNAK\Downloads\apache-jmeter-5.6.3\apache-jmeter-5.6.3\bin\system.properties
2026-05-28 01:52:30,078 INFO o.a.j.JMeter: Copyright (c) 1998-2024 The Apache Software Foundation
2026-05-28 01:52:30,078 INFO o.a.j.JMeter: Version 5.6.3
2026-05-28 01:52:30,078 INFO o.a.j.JMeter: java.version=22.0.1
2026-05-28 01:52:30,078 INFO o.a.j.JMeter: java.vm.name=Java HotSpot(TM) 64-Bit Server VM
2026-05-28 01:52:30,078 INFO o.a.j.JMeter: os.name=Windows 11
2026-05-28 01:52:30,078 INFO o.a.j.JMeter: os.arch=amd64
2026-05-28 01:52:30,078 INFO o.a.j.JMeter: os.version=10.0
2026-05-28 01:52:30,079 INFO o.a.j.JMeter: file.encoding=UTF-8
2026-05-28 01:52:30,079 INFO o.a.j.JMeter: java.awt.headless=true
2026-05-28 01:52:30,079 INFO o.a.j.JMeter: Max memory     =1073741824
2026-05-28 01:52:30,079 INFO o.a.j.JMeter: Available Processors =16
2026-05-28 01:52:30,089 INFO o.a.j.JMeter: Default Locale=English (EN)
2026-05-28 01:52:30,089 INFO o.a.j.JMeter: JMeter  Locale=English (EN)
2026-05-28 01:52:30,089 INFO o.a.j.JMeter: JMeterHome=C:\Users\RAUNAK\Downloads\apache-jmeter-5.6.3\apache-jmeter-5.6.3
2026-05-28 01:52:30,089 INFO o.a.j.JMeter: user.dir  =C:\Users\RAUNAK\Downloads\Sprint 3 d\capstone_project
2026-05-28 01:52:30,090 INFO o.a.j.JMeter: PWD       =C:\Users\RAUNAK\Downloads\Sprint 3 d\capstone_project
2026-05-28 01:52:30,095 INFO o.a.j.JMeter: IP: 10.76.87.56 Name: LAPTOP-RG7EN4UC FullName: LAPTOP-RG7EN4UC
2026-05-28 01:52:30,117 INFO o.a.j.JMeter: Setting property 'jmeter.reportgenerator.outputdir' to:'C:\Users\RAUNAK\Downloads\Sprint 3 d\capstone_project\performance-testing\html-report'
2026-05-28 01:52:30,120 INFO o.a.j.s.FileServer: Default base='C:\Users\RAUNAK\Downloads\Sprint 3 d\capstone_project'
2026-05-28 01:52:30,121 INFO o.a.j.s.FileServer: Set new base='C:\Users\RAUNAK\Downloads\Sprint 3 d\capstone_project\performance-testing'
2026-05-28 01:52:30,369 INFO o.a.j.s.SaveService: Testplan (JMX) version: 2.2. Testlog (JTL) version: 2.2
2026-05-28 01:52:30,409 INFO o.a.j.s.SaveService: Using SaveService properties version 5.0
2026-05-28 01:52:30,412 INFO o.a.j.s.SaveService: Using SaveService properties file encoding UTF-8
2026-05-28 01:52:30,417 INFO o.a.j.s.SaveService: Loading file: performance-testing\Notes_Load_Test.jmx
2026-05-28 01:52:30,515 INFO o.a.j.p.h.s.HTTPSamplerBase: Parser for text/html is org.apache.jmeter.protocol.http.parser.LagartoBasedHtmlParser
2026-05-28 01:52:30,515 INFO o.a.j.p.h.s.HTTPSamplerBase: Parser for application/xhtml+xml is org.apache.jmeter.protocol.http.parser.LagartoBasedHtmlParser
2026-05-28 01:52:30,515 INFO o.a.j.p.h.s.HTTPSamplerBase: Parser for application/xml is org.apache.jmeter.protocol.http.parser.LagartoBasedHtmlParser
2026-05-28 01:52:30,515 INFO o.a.j.p.h.s.HTTPSamplerBase: Parser for text/xml is org.apache.jmeter.protocol.http.parser.LagartoBasedHtmlParser
2026-05-28 01:52:30,516 INFO o.a.j.p.h.s.HTTPSamplerBase: Parser for text/vnd.wap.wml is org.apache.jmeter.protocol.http.parser.RegexpHTMLParser
2026-05-28 01:52:30,516 INFO o.a.j.p.h.s.HTTPSamplerBase: Parser for text/css is org.apache.jmeter.protocol.http.parser.CssParser
2026-05-28 01:52:30,555 INFO o.a.j.JMeter: Creating summariser <summary>
2026-05-28 01:52:30,574 INFO o.a.j.r.d.ReportGenerator: ReportGenerator will use for Parsing the separator: ','
2026-05-28 01:52:30,575 INFO o.a.j.r.d.ReportGenerator: Will generate report at end of test from  results file: performance-testing/results.jtl
2026-05-28 01:52:30,575 INFO o.a.j.r.d.ReportGenerator: Reading report generator properties from: C:\Users\RAUNAK\Downloads\apache-jmeter-5.6.3\apache-jmeter-5.6.3\bin\reportgenerator.properties
2026-05-28 01:52:30,577 INFO o.a.j.r.d.ReportGenerator: Merging with JMeter properties
2026-05-28 01:52:30,583 INFO o.a.j.r.c.ReportGeneratorConfiguration: Property 'jmeter.reportgenerator.temp_dir' not found, using default value 'temp' instead.
2026-05-28 01:52:30,586 INFO o.a.j.r.c.ReportGeneratorConfiguration: Property 'jmeter.reportgenerator.apdex_per_transaction' not found, using default value 'null' instead.
2026-05-28 01:52:30,587 INFO o.a.j.r.c.ReportGeneratorConfiguration: apdex_per_transaction is empty, not APDEX per transaction customization
2026-05-28 01:52:30,587 INFO o.a.j.r.c.ReportGeneratorConfiguration: Property 'jmeter.reportgenerator.sample_filter' not found, using default value 'null' instead.
2026-05-28 01:52:30,587 INFO o.a.j.r.c.ReportGeneratorConfiguration: Property 'jmeter.reportgenerator.report_title' not found, using default value 'null' instead.
2026-05-28 01:52:30,587 INFO o.a.j.r.c.ReportGeneratorConfiguration: Property 'jmeter.reportgenerator.start_date' not found, using default value 'null' instead.
2026-05-28 01:52:30,587 INFO o.a.j.r.c.ReportGeneratorConfiguration: Property 'jmeter.reportgenerator.end_date' not found, using default value 'null' instead.
2026-05-28 01:52:30,587 INFO o.a.j.r.c.ReportGeneratorConfiguration: Property 'jmeter.reportgenerator.date_format' not found, using default value 'null' instead.
2026-05-28 01:52:30,588 INFO o.a.j.r.c.ReportGeneratorConfiguration: Will use date range start date: null, end date: null
2026-05-28 01:52:30,593 INFO o.a.j.r.c.ReportGeneratorConfiguration: Property 'jmeter.reportgenerator.graph.totalTPS.exclude_controllers' not found, using default value 'false' instead.
2026-05-28 01:52:30,594 INFO o.a.j.r.c.ReportGeneratorConfiguration: Property 'jmeter.reportgenerator.graph.activeThreadsOverTime.exclude_controllers' not found, using default value 'false' instead.
2026-05-28 01:52:30,594 INFO o.a.j.r.c.ReportGeneratorConfiguration: Property 'jmeter.reportgenerator.graph.timeVsThreads.exclude_controllers' not found, using default value 'false' instead.
2026-05-28 01:52:30,594 INFO o.a.j.r.c.ReportGeneratorConfiguration: Property 'jmeter.reportgenerator.graph.responseTimeDistribution.exclude_controllers' not found, using default value 'false' instead.
2026-05-28 01:52:30,594 INFO o.a.j.r.c.ReportGeneratorConfiguration: Property 'jmeter.reportgenerator.graph.transactionsPerSecond.exclude_controllers' not found, using default value 'false' instead.
2026-05-28 01:52:30,594 INFO o.a.j.r.c.ReportGeneratorConfiguration: Property 'jmeter.reportgenerator.graph.responseTimePercentiles.exclude_controllers' not found, using default value 'false' instead.
2026-05-28 01:52:30,595 INFO o.a.j.r.c.ReportGeneratorConfiguration: Property 'jmeter.reportgenerator.graph.responseTimePercentilesOverTime.exclude_controllers' not found, using default value 'false' instead.
2026-05-28 01:52:30,595 INFO o.a.j.r.c.ReportGeneratorConfiguration: Property 'jmeter.reportgenerator.graph.responseTimesOverTime.exclude_controllers' not found, using default value 'false' instead.
2026-05-28 01:52:30,595 INFO o.a.j.r.c.ReportGeneratorConfiguration: Property 'jmeter.reportgenerator.graph.connectTimeOverTime.exclude_controllers' not found, using default value 'false' instead.
2026-05-28 01:52:30,595 INFO o.a.j.r.c.ReportGeneratorConfiguration: Property 'jmeter.reportgenerator.graph.latenciesOverTime.exclude_controllers' not found, using default value 'false' instead.
2026-05-28 01:52:30,596 INFO o.a.j.r.c.ReportGeneratorConfiguration: Property 'jmeter.reportgenerator.exporter.json.filters_only_sample_series' not found, using default value 'true' instead.
2026-05-28 01:52:30,597 INFO o.a.j.r.c.ReportGeneratorConfiguration: Property 'jmeter.reportgenerator.exporter.json.series_filter' not found, using default value '' instead.
2026-05-28 01:52:30,597 INFO o.a.j.r.c.ReportGeneratorConfiguration: Property 'jmeter.reportgenerator.exporter.json.show_controllers_only' not found, using default value 'false' instead.
2026-05-28 01:52:30,597 INFO o.a.j.r.c.ReportGeneratorConfiguration: Property 'jmeter.reportgenerator.exporter.html.filters_only_sample_series' not found, using default value 'true' instead.
2026-05-28 01:52:30,597 INFO o.a.j.r.c.ReportGeneratorConfiguration: Property 'jmeter.reportgenerator.exporter.html.series_filter' not found, using default value '' instead.
2026-05-28 01:52:30,597 INFO o.a.j.r.c.ReportGeneratorConfiguration: Property 'jmeter.reportgenerator.exporter.html.show_controllers_only' not found, using default value 'false' instead.
2026-05-28 01:52:30,623 INFO o.a.j.e.StandardJMeterEngine: Running the test!
2026-05-28 01:52:30,624 INFO o.a.j.s.SampleEvent: List of sample_variables: []
2026-05-28 01:52:30,624 INFO o.a.j.s.SampleEvent: List of sample_variables: []
2026-05-28 01:52:30,630 INFO o.a.j.e.u.CompoundVariable: Note: Function class names must contain the string: '.functions.'
2026-05-28 01:52:30,630 INFO o.a.j.e.u.CompoundVariable: Note: Function class names must not contain the string: '.gui.'
2026-05-28 01:52:30,738 INFO o.a.j.JMeter: Running test (1779913350738)
2026-05-28 01:52:30,766 INFO o.a.j.e.StandardJMeterEngine: Starting ThreadGroup: 1 : Thread Group - 100 Concurrent Users
2026-05-28 01:52:30,766 INFO o.a.j.e.StandardJMeterEngine: Starting 100 threads for group Thread Group - 100 Concurrent Users.
2026-05-28 01:52:30,766 INFO o.a.j.e.StandardJMeterEngine: Thread will continue on error
2026-05-28 01:52:30,767 INFO o.a.j.t.ThreadGroup: Starting thread group... number=1 threads=100 ramp-up=60 delayedStart=false
2026-05-28 01:52:30,782 INFO o.a.j.t.JMeterThread: Thread started: Thread Group - 100 Concurrent Users 1-1
2026-05-28 01:52:30,849 INFO o.a.j.t.ThreadGroup: Started thread group number 1
2026-05-28 01:52:30,849 INFO o.a.j.e.StandardJMeterEngine: All thread groups have been started
2026-05-28 01:52:30,851 INFO o.a.j.p.h.s.HTTPHCAbstractImpl: Local host = LAPTOP-RG7EN4UC
2026-05-28 01:52:30,873 INFO o.a.j.p.h.s.HTTPHC4Impl: HTTP request retry count = 0
2026-05-28 01:52:30,881 INFO o.a.j.s.SampleResult: Note: Sample TimeStamps are START times
2026-05-28 01:52:30,882 INFO o.a.j.s.SampleResult: sampleresult.default.encoding is set to UTF-8
2026-05-28 01:52:30,882 INFO o.a.j.s.SampleResult: sampleresult.useNanoTime=true
2026-05-28 01:52:30,882 INFO o.a.j.s.SampleResult: sampleresult.nanoThreadSleep=5000
2026-05-28 01:52:31,085 INFO o.a.j.p.h.s.h.LazyLayeredConnectionSocketFactory: Setting up HTTPS TrustAll Socket Factory
2026-05-28 01:52:31,094 INFO o.a.j.u.JsseSSLManager: Using default SSL protocol: TLS
2026-05-28 01:52:31,094 INFO o.a.j.u.JsseSSLManager: SSL session context: per-thread
2026-05-28 01:52:31,265 INFO o.a.j.u.SSLManager: JmeterKeyStore Location:  type JKS
2026-05-28 01:52:31,274 INFO o.a.j.u.SSLManager: KeyStore created OK
2026-05-28 01:52:31,275 WARN o.a.j.u.SSLManager: Keystore file not found, loading empty keystore
2026-05-28 01:52:31,378 INFO o.a.j.t.JMeterThread: Thread started: Thread Group - 100 Concurrent Users 1-2
2026-05-28 01:52:31,974 INFO o.a.j.t.JMeterThread: Thread started: Thread Group - 100 Concurrent Users 1-3
2026-05-28 01:52:32,261 INFO o.a.j.r.Summariser: summary +      1 in 00:00:02 =    0.7/s Avg:   871 Min:   871 Max:   871 Err:     0 (0.00%) Active: 3 Started: 3 Finished: 0
2026-05-28 01:52:32,575 INFO o.a.j.t.JMeterThread: Thread started: Thread Group - 100 Concurrent Users 1-4
2026-05-28 01:52:33,181 INFO o.a.j.t.JMeterThread: Thread started: Thread Group - 100 Concurrent Users 1-5
2026-05-28 01:52:33,792 INFO o.a.j.t.JMeterThread: Thread started: Thread Group - 100 Concurrent Users 1-6
2026-05-28 01:52:33,893 INFO o.a.j.t.JMeterThread: Thread is done: Thread Group - 100 Concurrent Users 1-1
2026-05-28 01:52:33,893 INFO o.a.j.t.JMeterThread: Thread finished: Thread Group - 100 Concurrent Users 1-1
2026-05-28 01:52:34,028 INFO o.a.j.t.JMeterThread: Thread is done: Thread Group - 100 Concurrent Users 1-2
2026-05-28 01:52:34,028 INFO o.a.j.t.JMeterThread: Thread finished: Thread Group - 100 Concurrent Users 1-2
2026-05-28 01:52:34,186 INFO o.a.j.t.JMeterThread: Thread is done: Thread Group - 100 Concurrent Users 1-3
2026-05-28 01:52:34,186 INFO o.a.j.t.JMeterThread: Thread finished: Thread Group - 100 Concurrent Users 1-3
2026-05-28 01:52:34,377 INFO o.a.j.t.JMeterThread: Thread started: Thread Group - 100 Concurrent Users 1-7
2026-05-28 01:52:34,977 INFO o.a.j.t.JMeterThread: Thread started: Thread Group - 100 Concurrent Users 1-8
2026-05-28 01:52:35,103 INFO o.a.j.t.JMeterThread: Thread is done: Thread Group - 100 Concurrent Users 1-4
2026-05-28 01:52:35,103 INFO o.a.j.t.JMeterThread: Thread finished: Thread Group - 100 Concurrent Users 1-4
2026-05-28 01:52:35,194 INFO o.a.j.t.JMeterThread: Thread is done: Thread Group - 100 Concurrent Users 1-5
2026-05-28 01:52:35,195 INFO o.a.j.t.JMeterThread: Thread finished: Thread Group - 100 Concurrent Users 1-5
2026-05-28 01:52:35,576 INFO o.a.j.t.JMeterThread: Thread started: Thread Group - 100 Concurrent Users 1-9
2026-05-28 01:52:36,174 INFO o.a.j.t.JMeterThread: Thread started: Thread Group - 100 Concurrent Users 1-10
2026-05-28 01:52:36,438 INFO o.a.j.t.JMeterThread: Thread is done: Thread Group - 100 Concurrent Users 1-6
2026-05-28 01:52:36,438 INFO o.a.j.t.JMeterThread: Thread finished: Thread Group - 100 Concurrent Users 1-6
2026-05-28 01:52:36,735 INFO o.a.j.t.JMeterThread: Thread is done: Thread Group - 100 Concurrent Users 1-7
2026-05-28 01:52:36,737 INFO o.a.j.t.JMeterThread: Thread finished: Thread Group - 100 Concurrent Users 1-7
2026-05-28 01:52:36,773 INFO o.a.j.t.JMeterThread: Thread started: Thread Group - 100 Concurrent Users 1-11
2026-05-28 01:52:37,370 INFO o.a.j.t.JMeterThread: Thread started: Thread Group - 100 Concurrent Users 1-12
2026-05-28 01:52:37,398 INFO o.a.j.t.JMeterThread: Thread is done: Thread Group - 100 Concurrent Users 1-8
2026-05-28 01:52:37,398 INFO o.a.j.t.JMeterThread: Thread finished: Thread Group - 100 Concurrent Users 1-8
2026-05-28 01:52:37,970 INFO o.a.j.t.JMeterThread: Thread started: Thread Group - 100 Concurrent Users 1-13
2026-05-28 01:52:38,008 INFO o.a.j.t.JMeterThread: Thread is done: Thread Group - 100 Concurrent Users 1-9
2026-05-28 01:52:38,008 INFO o.a.j.t.JMeterThread: Thread finished: Thread Group - 100 Concurrent Users 1-9
2026-05-28 01:52:38,570 INFO o.a.j.t.JMeterThread: Thread started: Thread Group - 100 Concurrent Users 1-14
2026-05-28 01:52:38,588 INFO o.a.j.t.JMeterThread: Thread is done: Thread Group - 100 Concurrent Users 1-10
2026-05-28 01:52:38,588 INFO o.a.j.t.JMeterThread: Thread finished: Thread Group - 100 Concurrent Users 1-10
2026-05-28 01:52:39,170 INFO o.a.j.t.JMeterThread: Thread started: Thread Group - 100 Concurrent Users 1-15
2026-05-28 01:52:39,435 INFO o.a.j.t.JMeterThread: Thread is done: Thread Group - 100 Concurrent Users 1-11
2026-05-28 01:52:39,435 INFO o.a.j.t.JMeterThread: Thread finished: Thread Group - 100 Concurrent Users 1-11
2026-05-28 01:52:39,769 INFO o.a.j.t.JMeterThread: Thread started: Thread Group - 100 Concurrent Users 1-16
2026-05-28 01:52:39,872 INFO o.a.j.t.JMeterThread: Thread is done: Thread Group - 100 Concurrent Users 1-13
2026-05-28 01:52:39,873 INFO o.a.j.t.JMeterThread: Thread finished: Thread Group - 100 Concurrent Users 1-13
2026-05-28 01:52:40,066 INFO o.a.j.t.JMeterThread: Thread is done: Thread Group - 100 Concurrent Users 1-12
2026-05-28 01:52:40,067 INFO o.a.j.t.JMeterThread: Thread finished: Thread Group - 100 Concurrent Users 1-12
2026-05-28 01:52:40,369 INFO o.a.j.t.JMeterThread: Thread started: Thread Group - 100 Concurrent Users 1-17
2026-05-28 01:52:40,743 INFO o.a.j.t.JMeterThread: Thread is done: Thread Group - 100 Concurrent Users 1-14
2026-05-28 01:52:40,743 INFO o.a.j.t.JMeterThread: Thread finished: Thread Group - 100 Concurrent Users 1-14
2026-05-28 01:52:40,975 INFO o.a.j.t.JMeterThread: Thread started: Thread Group - 100 Concurrent Users 1-18
2026-05-28 01:52:41,570 INFO o.a.j.t.JMeterThread: Thread started: Thread Group - 100 Concurrent Users 1-19
2026-05-28 01:52:41,749 INFO o.a.j.t.JMeterThread: Thread is done: Thread Group - 100 Concurrent Users 1-15
2026-05-28 01:52:41,749 INFO o.a.j.t.JMeterThread: Thread finished: Thread Group - 100 Concurrent Users 1-15
2026-05-28 01:52:42,191 INFO o.a.j.t.JMeterThread: Thread started: Thread Group - 100 Concurrent Users 1-20
2026-05-28 01:52:42,341 INFO o.a.j.t.JMeterThread: Thread is done: Thread Group - 100 Concurrent Users 1-16
2026-05-28 01:52:42,341 INFO o.a.j.t.JMeterThread: Thread finished: Thread Group - 100 Concurrent Users 1-16
2026-05-28 01:52:42,774 INFO o.a.j.t.JMeterThread: Thread is done: Thread Group - 100 Concurrent Users 1-17
2026-05-28 01:52:42,774 INFO o.a.j.t.JMeterThread: Thread finished: Thread Group - 100 Concurrent Users 1-17
2026-05-28 01:52:42,769 INFO o.a.j.t.JMeterThread: Thread started: Thread Group - 100 Concurrent Users 1-21
2026-05-28 01:52:43,368 INFO o.a.j.t.JMeterThread: Thread started: Thread Group - 100 Concurrent Users 1-22
2026-05-28 01:52:43,552 INFO o.a.j.t.JMeterThread: Thread is done: Thread Group - 100 Concurrent Users 1-18
2026-05-28 01:52:43,552 INFO o.a.j.t.JMeterThread: Thread finished: Thread Group - 100 Concurrent Users 1-18
2026-05-28 01:52:43,971 INFO o.a.j.t.JMeterThread: Thread started: Thread Group - 100 Concurrent Users 1-23
2026-05-28 01:52:44,190 INFO o.a.j.t.JMeterThread: Thread is done: Thread Group - 100 Concurrent Users 1-19
2026-05-28 01:52:44,191 INFO o.a.j.t.JMeterThread: Thread finished: Thread Group - 100 Concurrent Users 1-19
2026-05-28 01:52:44,570 INFO o.a.j.t.JMeterThread: Thread started: Thread Group - 100 Concurrent Users 1-24
2026-05-28 01:52:44,585 INFO o.a.j.t.JMeterThread: Thread is done: Thread Group - 100 Concurrent Users 1-20
2026-05-28 01:52:44,585 INFO o.a.j.t.JMeterThread: Thread finished: Thread Group - 100 Concurrent Users 1-20
2026-05-28 01:52:45,170 INFO o.a.j.t.JMeterThread: Thread started: Thread Group - 100 Concurrent Users 1-25
2026-05-28 01:52:45,346 INFO o.a.j.t.JMeterThread: Thread is done: Thread Group - 100 Concurrent Users 1-21
2026-05-28 01:52:45,347 INFO o.a.j.t.JMeterThread: Thread finished: Thread Group - 100 Concurrent Users 1-21
2026-05-28 01:52:45,769 INFO o.a.j.t.JMeterThread: Thread started: Thread Group - 100 Concurrent Users 1-26
2026-05-28 01:52:45,932 INFO o.a.j.t.JMeterThread: Thread is done: Thread Group - 100 Concurrent Users 1-22
2026-05-28 01:52:45,933 INFO o.a.j.t.JMeterThread: Thread finished: Thread Group - 100 Concurrent Users 1-22
2026-05-28 01:52:46,370 INFO o.a.j.t.JMeterThread: Thread started: Thread Group - 100 Concurrent Users 1-27
2026-05-28 01:52:46,506 INFO o.a.j.t.JMeterThread: Thread is done: Thread Group - 100 Concurrent Users 1-23
2026-05-28 01:52:46,509 INFO o.a.j.t.JMeterThread: Thread finished: Thread Group - 100 Concurrent Users 1-23
2026-05-28 01:52:46,969 INFO o.a.j.t.JMeterThread: Thread started: Thread Group - 100 Concurrent Users 1-28
2026-05-28 01:52:47,142 INFO o.a.j.t.JMeterThread: Thread is done: Thread Group - 100 Concurrent Users 1-24
2026-05-28 01:52:47,142 INFO o.a.j.t.JMeterThread: Thread finished: Thread Group - 100 Concurrent Users 1-24
2026-05-28 01:52:47,568 INFO o.a.j.t.JMeterThread: Thread started: Thread Group - 100 Concurrent Users 1-29
2026-05-28 01:52:47,816 INFO o.a.j.t.JMeterThread: Thread is done: Thread Group - 100 Concurrent Users 1-25
2026-05-28 01:52:47,816 INFO o.a.j.t.JMeterThread: Thread finished: Thread Group - 100 Concurrent Users 1-25
2026-05-28 01:52:48,174 INFO o.a.j.t.JMeterThread: Thread started: Thread Group - 100 Concurrent Users 1-30
2026-05-28 01:52:48,494 INFO o.a.j.t.JMeterThread: Thread is done: Thread Group - 100 Concurrent Users 1-26
2026-05-28 01:52:48,494 INFO o.a.j.t.JMeterThread: Thread finished: Thread Group - 100 Concurrent Users 1-26
2026-05-28 01:52:48,772 INFO o.a.j.t.JMeterThread: Thread started: Thread Group - 100 Concurrent Users 1-31
2026-05-28 01:52:49,180 INFO o.a.j.t.JMeterThread: Thread is done: Thread Group - 100 Concurrent Users 1-27
2026-05-28 01:52:49,180 INFO o.a.j.t.JMeterThread: Thread finished: Thread Group - 100 Concurrent Users 1-27
2026-05-28 01:52:49,370 INFO o.a.j.t.JMeterThread: Thread started: Thread Group - 100 Concurrent Users 1-32
2026-05-28 01:52:49,388 INFO o.a.j.t.JMeterThread: Thread is done: Thread Group - 100 Concurrent Users 1-28
2026-05-28 01:52:49,388 INFO o.a.j.t.JMeterThread: Thread finished: Thread Group - 100 Concurrent Users 1-28
2026-05-28 01:52:49,971 INFO o.a.j.t.JMeterThread: Thread started: Thread Group - 100 Concurrent Users 1-33
2026-05-28 01:52:50,212 INFO o.a.j.t.JMeterThread: Thread is done: Thread Group - 100 Concurrent Users 1-29
2026-05-28 01:52:50,212 INFO o.a.j.t.JMeterThread: Thread finished: Thread Group - 100 Concurrent Users 1-29
2026-05-28 01:52:50,572 INFO o.a.j.t.JMeterThread: Thread started: Thread Group - 100 Concurrent Users 1-34
2026-05-28 01:52:50,767 INFO o.a.j.t.JMeterThread: Thread is done: Thread Group - 100 Concurrent Users 1-30
2026-05-28 01:52:50,767 INFO o.a.j.t.JMeterThread: Thread finished: Thread Group - 100 Concurrent Users 1-30
2026-05-28 01:52:51,169 INFO o.a.j.t.JMeterThread: Thread started: Thread Group - 100 Concurrent Users 1-35
2026-05-28 01:52:51,408 INFO o.a.j.t.JMeterThread: Thread is done: Thread Group - 100 Concurrent Users 1-31
2026-05-28 01:52:51,408 INFO o.a.j.t.JMeterThread: Thread finished: Thread Group - 100 Concurrent Users 1-31
2026-05-28 01:52:51,769 INFO o.a.j.t.JMeterThread: Thread started: Thread Group - 100 Concurrent Users 1-36
2026-05-28 01:52:52,013 INFO o.a.j.t.JMeterThread: Thread is done: Thread Group - 100 Concurrent Users 1-32
2026-05-28 01:52:52,013 INFO o.a.j.t.JMeterThread: Thread finished: Thread Group - 100 Concurrent Users 1-32
2026-05-28 01:52:52,373 INFO o.a.j.t.JMeterThread: Thread started: Thread Group - 100 Concurrent Users 1-37
2026-05-28 01:52:52,638 INFO o.a.j.t.JMeterThread: Thread is done: Thread Group - 100 Concurrent Users 1-33
2026-05-28 01:52:52,639 INFO o.a.j.t.JMeterThread: Thread finished: Thread Group - 100 Concurrent Users 1-33
2026-05-28 01:52:52,971 INFO o.a.j.t.JMeterThread: Thread started: Thread Group - 100 Concurrent Users 1-38
2026-05-28 01:52:53,256 INFO o.a.j.t.JMeterThread: Thread is done: Thread Group - 100 Concurrent Users 1-34
2026-05-28 01:52:53,257 INFO o.a.j.t.JMeterThread: Thread finished: Thread Group - 100 Concurrent Users 1-34
2026-05-28 01:52:53,578 INFO o.a.j.t.JMeterThread: Thread started: Thread Group - 100 Concurrent Users 1-39
2026-05-28 01:52:53,719 INFO o.a.j.t.JMeterThread: Thread is done: Thread Group - 100 Concurrent Users 1-35
2026-05-28 01:52:53,719 INFO o.a.j.t.JMeterThread: Thread finished: Thread Group - 100 Concurrent Users 1-35
2026-05-28 01:52:54,178 INFO o.a.j.t.JMeterThread: Thread started: Thread Group - 100 Concurrent Users 1-40
2026-05-28 01:52:54,383 INFO o.a.j.t.JMeterThread: Thread is done: Thread Group - 100 Concurrent Users 1-36
2026-05-28 01:52:54,383 INFO o.a.j.t.JMeterThread: Thread finished: Thread Group - 100 Concurrent Users 1-36
2026-05-28 01:52:54,566 INFO o.a.j.t.JMeterThread: Thread is done: Thread Group - 100 Concurrent Users 1-37
2026-05-28 01:52:54,566 INFO o.a.j.t.JMeterThread: Thread finished: Thread Group - 100 Concurrent Users 1-37
2026-05-28 01:52:54,780 INFO o.a.j.t.JMeterThread: Thread started: Thread Group - 100 Concurrent Users 1-41
2026-05-28 01:52:55,377 INFO o.a.j.t.JMeterThread: Thread started: Thread Group - 100 Concurrent Users 1-42
2026-05-28 01:52:55,593 INFO o.a.j.t.JMeterThread: Thread is done: Thread Group - 100 Concurrent Users 1-38
2026-05-28 01:52:55,593 INFO o.a.j.t.JMeterThread: Thread finished: Thread Group - 100 Concurrent Users 1-38
2026-05-28 01:52:55,978 INFO o.a.j.t.JMeterThread: Thread started: Thread Group - 100 Concurrent Users 1-43
2026-05-28 01:52:56,243 INFO o.a.j.t.JMeterThread: Thread is done: Thread Group - 100 Concurrent Users 1-39
2026-05-28 01:52:56,243 INFO o.a.j.t.JMeterThread: Thread finished: Thread Group - 100 Concurrent Users 1-39
2026-05-28 01:52:56,577 INFO o.a.j.t.JMeterThread: Thread started: Thread Group - 100 Concurrent Users 1-44
2026-05-28 01:52:56,789 INFO o.a.j.t.JMeterThread: Thread is done: Thread Group - 100 Concurrent Users 1-40
2026-05-28 01:52:56,789 INFO o.a.j.t.JMeterThread: Thread finished: Thread Group - 100 Concurrent Users 1-40
2026-05-28 01:52:57,175 INFO o.a.j.t.JMeterThread: Thread started: Thread Group - 100 Concurrent Users 1-45
2026-05-28 01:52:57,567 INFO o.a.j.t.JMeterThread: Thread is done: Thread Group - 100 Concurrent Users 1-41
2026-05-28 01:52:57,568 INFO o.a.j.t.JMeterThread: Thread finished: Thread Group - 100 Concurrent Users 1-41
2026-05-28 01:52:57,778 INFO o.a.j.t.JMeterThread: Thread started: Thread Group - 100 Concurrent Users 1-46
2026-05-28 01:52:58,168 INFO o.a.j.t.JMeterThread: Thread is done: Thread Group - 100 Concurrent Users 1-42
2026-05-28 01:52:58,168 INFO o.a.j.t.JMeterThread: Thread finished: Thread Group - 100 Concurrent Users 1-42
2026-05-28 01:52:58,374 INFO o.a.j.t.JMeterThread: Thread started: Thread Group - 100 Concurrent Users 1-47
2026-05-28 01:52:58,428 INFO o.a.j.t.JMeterThread: Thread is done: Thread Group - 100 Concurrent Users 1-43
2026-05-28 01:52:58,429 INFO o.a.j.t.JMeterThread: Thread finished: Thread Group - 100 Concurrent Users 1-43
2026-05-28 01:52:58,974 INFO o.a.j.t.JMeterThread: Thread started: Thread Group - 100 Concurrent Users 1-48
2026-05-28 01:52:59,470 INFO o.a.j.t.JMeterThread: Thread is done: Thread Group - 100 Concurrent Users 1-44
2026-05-28 01:52:59,470 INFO o.a.j.t.JMeterThread: Thread finished: Thread Group - 100 Concurrent Users 1-44
2026-05-28 01:52:59,574 INFO o.a.j.t.JMeterThread: Thread started: Thread Group - 100 Concurrent Users 1-49
2026-05-28 01:52:59,810 INFO o.a.j.t.JMeterThread: Thread is done: Thread Group - 100 Concurrent Users 1-45
2026-05-28 01:52:59,810 INFO o.a.j.t.JMeterThread: Thread finished: Thread Group - 100 Concurrent Users 1-45
2026-05-28 01:53:00,173 INFO o.a.j.t.JMeterThread: Thread started: Thread Group - 100 Concurrent Users 1-50
2026-05-28 01:53:00,191 INFO o.a.j.r.Summariser: summary +    186 in 00:00:28 =    6.7/s Avg:   633 Min:   375 Max:  1220 Err:     0 (0.00%) Active: 5 Started: 50 Finished: 45
2026-05-28 01:53:00,194 INFO o.a.j.r.Summariser: summary =    187 in 00:00:29 =    6.3/s Avg:   634 Min:   375 Max:  1220 Err:     0 (0.00%)
2026-05-28 01:53:00,441 INFO o.a.j.t.JMeterThread: Thread is done: Thread Group - 100 Concurrent Users 1-46
2026-05-28 01:53:00,442 INFO o.a.j.t.JMeterThread: Thread finished: Thread Group - 100 Concurrent Users 1-46
2026-05-28 01:53:00,700 INFO o.a.j.t.JMeterThread: Thread is done: Thread Group - 100 Concurrent Users 1-47
2026-05-28 01:53:00,700 INFO o.a.j.t.JMeterThread: Thread finished: Thread Group - 100 Concurrent Users 1-47
2026-05-28 01:53:00,773 INFO o.a.j.t.JMeterThread: Thread started: Thread Group - 100 Concurrent Users 1-51
2026-05-28 01:53:01,372 INFO o.a.j.t.JMeterThread: Thread started: Thread Group - 100 Concurrent Users 1-52
2026-05-28 01:53:01,573 INFO o.a.j.t.JMeterThread: Thread is done: Thread Group - 100 Concurrent Users 1-48
2026-05-28 01:53:01,573 INFO o.a.j.t.JMeterThread: Thread finished: Thread Group - 100 Concurrent Users 1-48
2026-05-28 01:53:01,974 INFO o.a.j.t.JMeterThread: Thread started: Thread Group - 100 Concurrent Users 1-53
2026-05-28 01:53:02,011 INFO o.a.j.t.JMeterThread: Thread is done: Thread Group - 100 Concurrent Users 1-49
2026-05-28 01:53:02,011 INFO o.a.j.t.JMeterThread: Thread finished: Thread Group - 100 Concurrent Users 1-49
2026-05-28 01:53:02,533 INFO o.a.j.t.JMeterThread: Thread is done: Thread Group - 100 Concurrent Users 1-50
2026-05-28 01:53:02,533 INFO o.a.j.t.JMeterThread: Thread finished: Thread Group - 100 Concurrent Users 1-50
2026-05-28 01:53:02,573 INFO o.a.j.t.JMeterThread: Thread started: Thread Group - 100 Concurrent Users 1-54
2026-05-28 01:53:03,172 INFO o.a.j.t.JMeterThread: Thread started: Thread Group - 100 Concurrent Users 1-55
2026-05-28 01:53:03,772 INFO o.a.j.t.JMeterThread: Thread started: Thread Group - 100 Concurrent Users 1-56
2026-05-28 01:53:03,831 INFO o.a.j.t.JMeterThread: Thread is done: Thread Group - 100 Concurrent Users 1-51
2026-05-28 01:53:03,831 INFO o.a.j.t.JMeterThread: Thread finished: Thread Group - 100 Concurrent Users 1-51
2026-05-28 01:53:04,371 INFO o.a.j.t.JMeterThread: Thread started: Thread Group - 100 Concurrent Users 1-57
2026-05-28 01:53:04,396 INFO o.a.j.t.JMeterThread: Thread is done: Thread Group - 100 Concurrent Users 1-52
2026-05-28 01:53:04,397 INFO o.a.j.t.JMeterThread: Thread finished: Thread Group - 100 Concurrent Users 1-52
2026-05-28 01:53:04,749 INFO o.a.j.t.JMeterThread: Thread is done: Thread Group - 100 Concurrent Users 1-53
2026-05-28 01:53:04,749 INFO o.a.j.t.JMeterThread: Thread finished: Thread Group - 100 Concurrent Users 1-53
2026-05-28 01:53:04,973 INFO o.a.j.t.JMeterThread: Thread started: Thread Group - 100 Concurrent Users 1-58
2026-05-28 01:53:05,310 INFO o.a.j.t.JMeterThread: Thread is done: Thread Group - 100 Concurrent Users 1-54
2026-05-28 01:53:05,311 INFO o.a.j.t.JMeterThread: Thread finished: Thread Group - 100 Concurrent Users 1-54
2026-05-28 01:53:05,571 INFO o.a.j.t.JMeterThread: Thread started: Thread Group - 100 Concurrent Users 1-59
2026-05-28 01:53:05,879 INFO o.a.j.t.JMeterThread: Thread is done: Thread Group - 100 Concurrent Users 1-55
2026-05-28 01:53:05,879 INFO o.a.j.t.JMeterThread: Thread finished: Thread Group - 100 Concurrent Users 1-55
2026-05-28 01:53:06,171 INFO o.a.j.t.JMeterThread: Thread started: Thread Group - 100 Concurrent Users 1-60
2026-05-28 01:53:06,507 INFO o.a.j.t.JMeterThread: Thread is done: Thread Group - 100 Concurrent Users 1-56
2026-05-28 01:53:06,507 INFO o.a.j.t.JMeterThread: Thread finished: Thread Group - 100 Concurrent Users 1-56
2026-05-28 01:53:06,770 INFO o.a.j.t.JMeterThread: Thread started: Thread Group - 100 Concurrent Users 1-61
2026-05-28 01:53:06,985 INFO o.a.j.t.JMeterThread: Thread is done: Thread Group - 100 Concurrent Users 1-57
2026-05-28 01:53:06,985 INFO o.a.j.t.JMeterThread: Thread finished: Thread Group - 100 Concurrent Users 1-57
2026-05-28 01:53:07,370 INFO o.a.j.t.JMeterThread: Thread started: Thread Group - 100 Concurrent Users 1-62
2026-05-28 01:53:07,573 INFO o.a.j.t.JMeterThread: Thread is done: Thread Group - 100 Concurrent Users 1-58
2026-05-28 01:53:07,573 INFO o.a.j.t.JMeterThread: Thread finished: Thread Group - 100 Concurrent Users 1-58
2026-05-28 01:53:07,969 INFO o.a.j.t.JMeterThread: Thread started: Thread Group - 100 Concurrent Users 1-63
2026-05-28 01:53:08,115 INFO o.a.j.t.JMeterThread: Thread is done: Thread Group - 100 Concurrent Users 1-59
2026-05-28 01:53:08,115 INFO o.a.j.t.JMeterThread: Thread finished: Thread Group - 100 Concurrent Users 1-59
2026-05-28 01:53:08,569 INFO o.a.j.t.JMeterThread: Thread started: Thread Group - 100 Concurrent Users 1-64
2026-05-28 01:53:08,582 INFO o.a.j.t.JMeterThread: Thread is done: Thread Group - 100 Concurrent Users 1-60
2026-05-28 01:53:08,582 INFO o.a.j.t.JMeterThread: Thread finished: Thread Group - 100 Concurrent Users 1-60
2026-05-28 01:53:09,169 INFO o.a.j.t.JMeterThread: Thread started: Thread Group - 100 Concurrent Users 1-65
2026-05-28 01:53:09,330 INFO o.a.j.t.JMeterThread: Thread is done: Thread Group - 100 Concurrent Users 1-61
2026-05-28 01:53:09,331 INFO o.a.j.t.JMeterThread: Thread finished: Thread Group - 100 Concurrent Users 1-61
2026-05-28 01:53:09,769 INFO o.a.j.t.JMeterThread: Thread started: Thread Group - 100 Concurrent Users 1-66
2026-05-28 01:53:09,989 INFO o.a.j.t.JMeterThread: Thread is done: Thread Group - 100 Concurrent Users 1-62
2026-05-28 01:53:09,989 INFO o.a.j.t.JMeterThread: Thread finished: Thread Group - 100 Concurrent Users 1-62
2026-05-28 01:53:10,368 INFO o.a.j.t.JMeterThread: Thread started: Thread Group - 100 Concurrent Users 1-67
2026-05-28 01:53:10,605 INFO o.a.j.t.JMeterThread: Thread is done: Thread Group - 100 Concurrent Users 1-63
2026-05-28 01:53:10,606 INFO o.a.j.t.JMeterThread: Thread finished: Thread Group - 100 Concurrent Users 1-63
2026-05-28 01:53:10,969 INFO o.a.j.t.JMeterThread: Thread started: Thread Group - 100 Concurrent Users 1-68
2026-05-28 01:53:11,155 INFO o.a.j.t.JMeterThread: Thread is done: Thread Group - 100 Concurrent Users 1-64
2026-05-28 01:53:11,155 INFO o.a.j.t.JMeterThread: Thread finished: Thread Group - 100 Concurrent Users 1-64
2026-05-28 01:53:11,569 INFO o.a.j.t.JMeterThread: Thread started: Thread Group - 100 Concurrent Users 1-69
2026-05-28 01:53:11,824 INFO o.a.j.t.JMeterThread: Thread is done: Thread Group - 100 Concurrent Users 1-65
2026-05-28 01:53:11,824 INFO o.a.j.t.JMeterThread: Thread finished: Thread Group - 100 Concurrent Users 1-65
2026-05-28 01:53:12,170 INFO o.a.j.t.JMeterThread: Thread started: Thread Group - 100 Concurrent Users 1-70
2026-05-28 01:53:12,456 INFO o.a.j.t.JMeterThread: Thread is done: Thread Group - 100 Concurrent Users 1-66
2026-05-28 01:53:12,456 INFO o.a.j.t.JMeterThread: Thread finished: Thread Group - 100 Concurrent Users 1-66
2026-05-28 01:53:12,770 INFO o.a.j.t.JMeterThread: Thread started: Thread Group - 100 Concurrent Users 1-71
2026-05-28 01:53:13,070 INFO o.a.j.t.JMeterThread: Thread is done: Thread Group - 100 Concurrent Users 1-67
2026-05-28 01:53:13,071 INFO o.a.j.t.JMeterThread: Thread finished: Thread Group - 100 Concurrent Users 1-67
2026-05-28 01:53:13,369 INFO o.a.j.t.JMeterThread: Thread started: Thread Group - 100 Concurrent Users 1-72
2026-05-28 01:53:13,375 INFO o.a.j.t.JMeterThread: Thread is done: Thread Group - 100 Concurrent Users 1-68
2026-05-28 01:53:13,375 INFO o.a.j.t.JMeterThread: Thread finished: Thread Group - 100 Concurrent Users 1-68
2026-05-28 01:53:13,969 INFO o.a.j.t.JMeterThread: Thread started: Thread Group - 100 Concurrent Users 1-73
2026-05-28 01:53:14,218 INFO o.a.j.t.JMeterThread: Thread is done: Thread Group - 100 Concurrent Users 1-69
2026-05-28 01:53:14,218 INFO o.a.j.t.JMeterThread: Thread finished: Thread Group - 100 Concurrent Users 1-69
2026-05-28 01:53:14,569 INFO o.a.j.t.JMeterThread: Thread started: Thread Group - 100 Concurrent Users 1-74
2026-05-28 01:53:14,692 INFO o.a.j.t.JMeterThread: Thread is done: Thread Group - 100 Concurrent Users 1-70
2026-05-28 01:53:14,693 INFO o.a.j.t.JMeterThread: Thread finished: Thread Group - 100 Concurrent Users 1-70
2026-05-28 01:53:15,171 INFO o.a.j.t.JMeterThread: Thread started: Thread Group - 100 Concurrent Users 1-75
2026-05-28 01:53:15,251 INFO o.a.j.t.JMeterThread: Thread is done: Thread Group - 100 Concurrent Users 1-71
2026-05-28 01:53:15,251 INFO o.a.j.t.JMeterThread: Thread finished: Thread Group - 100 Concurrent Users 1-71
2026-05-28 01:53:15,760 INFO o.a.j.t.JMeterThread: Thread is done: Thread Group - 100 Concurrent Users 1-72
2026-05-28 01:53:15,761 INFO o.a.j.t.JMeterThread: Thread finished: Thread Group - 100 Concurrent Users 1-72
2026-05-28 01:53:15,770 INFO o.a.j.t.JMeterThread: Thread started: Thread Group - 100 Concurrent Users 1-76
2026-05-28 01:53:16,359 INFO o.a.j.t.JMeterThread: Thread is done: Thread Group - 100 Concurrent Users 1-73
2026-05-28 01:53:16,359 INFO o.a.j.t.JMeterThread: Thread finished: Thread Group - 100 Concurrent Users 1-73
2026-05-28 01:53:16,369 INFO o.a.j.t.JMeterThread: Thread started: Thread Group - 100 Concurrent Users 1-77
2026-05-28 01:53:16,970 INFO o.a.j.t.JMeterThread: Thread started: Thread Group - 100 Concurrent Users 1-78
2026-05-28 01:53:17,140 INFO o.a.j.t.JMeterThread: Thread is done: Thread Group - 100 Concurrent Users 1-74
2026-05-28 01:53:17,140 INFO o.a.j.t.JMeterThread: Thread finished: Thread Group - 100 Concurrent Users 1-74
2026-05-28 01:53:17,383 INFO o.a.j.t.JMeterThread: Thread is done: Thread Group - 100 Concurrent Users 1-75
2026-05-28 01:53:17,384 INFO o.a.j.t.JMeterThread: Thread finished: Thread Group - 100 Concurrent Users 1-75
2026-05-28 01:53:17,570 INFO o.a.j.t.JMeterThread: Thread started: Thread Group - 100 Concurrent Users 1-79
2026-05-28 01:53:18,169 INFO o.a.j.t.JMeterThread: Thread started: Thread Group - 100 Concurrent Users 1-80
2026-05-28 01:53:18,175 INFO o.a.j.t.JMeterThread: Thread is done: Thread Group - 100 Concurrent Users 1-76
2026-05-28 01:53:18,175 INFO o.a.j.t.JMeterThread: Thread finished: Thread Group - 100 Concurrent Users 1-76
2026-05-28 01:53:18,770 INFO o.a.j.t.JMeterThread: Thread started: Thread Group - 100 Concurrent Users 1-81
2026-05-28 01:53:18,880 INFO o.a.j.t.JMeterThread: Thread is done: Thread Group - 100 Concurrent Users 1-77
2026-05-28 01:53:18,880 INFO o.a.j.t.JMeterThread: Thread finished: Thread Group - 100 Concurrent Users 1-77
2026-05-28 01:53:19,368 INFO o.a.j.t.JMeterThread: Thread started: Thread Group - 100 Concurrent Users 1-82
2026-05-28 01:53:19,578 INFO o.a.j.t.JMeterThread: Thread is done: Thread Group - 100 Concurrent Users 1-78
2026-05-28 01:53:19,578 INFO o.a.j.t.JMeterThread: Thread finished: Thread Group - 100 Concurrent Users 1-78
2026-05-28 01:53:19,971 INFO o.a.j.t.JMeterThread: Thread started: Thread Group - 100 Concurrent Users 1-83
2026-05-28 01:53:20,186 INFO o.a.j.t.JMeterThread: Thread is done: Thread Group - 100 Concurrent Users 1-79
2026-05-28 01:53:20,186 INFO o.a.j.t.JMeterThread: Thread finished: Thread Group - 100 Concurrent Users 1-79
2026-05-28 01:53:20,570 INFO o.a.j.t.JMeterThread: Thread started: Thread Group - 100 Concurrent Users 1-84
2026-05-28 01:53:20,753 INFO o.a.j.t.JMeterThread: Thread is done: Thread Group - 100 Concurrent Users 1-80
2026-05-28 01:53:20,753 INFO o.a.j.t.JMeterThread: Thread finished: Thread Group - 100 Concurrent Users 1-80
2026-05-28 01:53:21,168 INFO o.a.j.t.JMeterThread: Thread started: Thread Group - 100 Concurrent Users 1-85
2026-05-28 01:53:21,297 INFO o.a.j.t.JMeterThread: Thread is done: Thread Group - 100 Concurrent Users 1-81
2026-05-28 01:53:21,298 INFO o.a.j.t.JMeterThread: Thread finished: Thread Group - 100 Concurrent Users 1-81
2026-05-28 01:53:21,770 INFO o.a.j.t.JMeterThread: Thread started: Thread Group - 100 Concurrent Users 1-86
2026-05-28 01:53:21,987 INFO o.a.j.t.JMeterThread: Thread is done: Thread Group - 100 Concurrent Users 1-82
2026-05-28 01:53:21,987 INFO o.a.j.t.JMeterThread: Thread finished: Thread Group - 100 Concurrent Users 1-82
2026-05-28 01:53:22,368 INFO o.a.j.t.JMeterThread: Thread started: Thread Group - 100 Concurrent Users 1-87
2026-05-28 01:53:22,580 INFO o.a.j.t.JMeterThread: Thread is done: Thread Group - 100 Concurrent Users 1-83
2026-05-28 01:53:22,580 INFO o.a.j.t.JMeterThread: Thread finished: Thread Group - 100 Concurrent Users 1-83
2026-05-28 01:53:22,969 INFO o.a.j.t.JMeterThread: Thread started: Thread Group - 100 Concurrent Users 1-88
2026-05-28 01:53:23,172 INFO o.a.j.t.JMeterThread: Thread is done: Thread Group - 100 Concurrent Users 1-84
2026-05-28 01:53:23,173 INFO o.a.j.t.JMeterThread: Thread finished: Thread Group - 100 Concurrent Users 1-84
2026-05-28 01:53:23,568 INFO o.a.j.t.JMeterThread: Thread started: Thread Group - 100 Concurrent Users 1-89
2026-05-28 01:53:23,792 INFO o.a.j.t.JMeterThread: Thread is done: Thread Group - 100 Concurrent Users 1-85
2026-05-28 01:53:23,792 INFO o.a.j.t.JMeterThread: Thread finished: Thread Group - 100 Concurrent Users 1-85
2026-05-28 01:53:24,172 INFO o.a.j.t.JMeterThread: Thread started: Thread Group - 100 Concurrent Users 1-90
2026-05-28 01:53:24,403 INFO o.a.j.t.JMeterThread: Thread is done: Thread Group - 100 Concurrent Users 1-86
2026-05-28 01:53:24,404 INFO o.a.j.t.JMeterThread: Thread finished: Thread Group - 100 Concurrent Users 1-86
2026-05-28 01:53:24,774 INFO o.a.j.t.JMeterThread: Thread started: Thread Group - 100 Concurrent Users 1-91
2026-05-28 01:53:25,036 INFO o.a.j.t.JMeterThread: Thread is done: Thread Group - 100 Concurrent Users 1-87
2026-05-28 01:53:25,036 INFO o.a.j.t.JMeterThread: Thread finished: Thread Group - 100 Concurrent Users 1-87
2026-05-28 01:53:25,372 INFO o.a.j.t.JMeterThread: Thread started: Thread Group - 100 Concurrent Users 1-92
2026-05-28 01:53:25,662 INFO o.a.j.t.JMeterThread: Thread is done: Thread Group - 100 Concurrent Users 1-88
2026-05-28 01:53:25,663 INFO o.a.j.t.JMeterThread: Thread finished: Thread Group - 100 Concurrent Users 1-88
2026-05-28 01:53:25,971 INFO o.a.j.t.JMeterThread: Thread started: Thread Group - 100 Concurrent Users 1-93
2026-05-28 01:53:26,189 INFO o.a.j.t.JMeterThread: Thread is done: Thread Group - 100 Concurrent Users 1-89
2026-05-28 01:53:26,189 INFO o.a.j.t.JMeterThread: Thread finished: Thread Group - 100 Concurrent Users 1-89
2026-05-28 01:53:26,570 INFO o.a.j.t.JMeterThread: Thread started: Thread Group - 100 Concurrent Users 1-94
2026-05-28 01:53:26,766 INFO o.a.j.t.JMeterThread: Thread is done: Thread Group - 100 Concurrent Users 1-90
2026-05-28 01:53:26,766 INFO o.a.j.t.JMeterThread: Thread finished: Thread Group - 100 Concurrent Users 1-90
2026-05-28 01:53:27,171 INFO o.a.j.t.JMeterThread: Thread started: Thread Group - 100 Concurrent Users 1-95
2026-05-28 01:53:27,401 INFO o.a.j.t.JMeterThread: Thread is done: Thread Group - 100 Concurrent Users 1-91
2026-05-28 01:53:27,401 INFO o.a.j.t.JMeterThread: Thread finished: Thread Group - 100 Concurrent Users 1-91
2026-05-28 01:53:27,770 INFO o.a.j.t.JMeterThread: Thread started: Thread Group - 100 Concurrent Users 1-96
2026-05-28 01:53:27,983 INFO o.a.j.t.JMeterThread: Thread is done: Thread Group - 100 Concurrent Users 1-92
2026-05-28 01:53:27,983 INFO o.a.j.t.JMeterThread: Thread finished: Thread Group - 100 Concurrent Users 1-92
2026-05-28 01:53:28,369 INFO o.a.j.t.JMeterThread: Thread started: Thread Group - 100 Concurrent Users 1-97
2026-05-28 01:53:28,535 INFO o.a.j.t.JMeterThread: Thread is done: Thread Group - 100 Concurrent Users 1-93
2026-05-28 01:53:28,535 INFO o.a.j.t.JMeterThread: Thread finished: Thread Group - 100 Concurrent Users 1-93
2026-05-28 01:53:28,969 INFO o.a.j.t.JMeterThread: Thread started: Thread Group - 100 Concurrent Users 1-98
2026-05-28 01:53:29,146 INFO o.a.j.t.JMeterThread: Thread is done: Thread Group - 100 Concurrent Users 1-94
2026-05-28 01:53:29,146 INFO o.a.j.t.JMeterThread: Thread finished: Thread Group - 100 Concurrent Users 1-94
2026-05-28 01:53:29,570 INFO o.a.j.t.JMeterThread: Thread is done: Thread Group - 100 Concurrent Users 1-95
2026-05-28 01:53:29,570 INFO o.a.j.t.JMeterThread: Thread finished: Thread Group - 100 Concurrent Users 1-95
2026-05-28 01:53:29,572 INFO o.a.j.t.JMeterThread: Thread started: Thread Group - 100 Concurrent Users 1-99
2026-05-28 01:53:30,168 INFO o.a.j.t.JMeterThread: Thread started: Thread Group - 100 Concurrent Users 1-100
2026-05-28 01:53:30,386 INFO o.a.j.r.Summariser: summary +    200 in 00:00:30 =    6.6/s Avg:   647 Min:   364 Max:   956 Err:     0 (0.00%) Active: 5 Started: 100 Finished: 95
2026-05-28 01:53:30,387 INFO o.a.j.r.Summariser: summary =    387 in 00:01:00 =    6.5/s Avg:   640 Min:   364 Max:  1220 Err:     0 (0.00%)
2026-05-28 01:53:30,387 INFO o.a.j.t.JMeterThread: Thread is done: Thread Group - 100 Concurrent Users 1-96
2026-05-28 01:53:30,387 INFO o.a.j.t.JMeterThread: Thread finished: Thread Group - 100 Concurrent Users 1-96
2026-05-28 01:53:31,104 INFO o.a.j.t.JMeterThread: Thread is done: Thread Group - 100 Concurrent Users 1-97
2026-05-28 01:53:31,105 INFO o.a.j.t.JMeterThread: Thread finished: Thread Group - 100 Concurrent Users 1-97
2026-05-28 01:53:31,715 INFO o.a.j.t.JMeterThread: Thread is done: Thread Group - 100 Concurrent Users 1-98
2026-05-28 01:53:31,715 INFO o.a.j.t.JMeterThread: Thread finished: Thread Group - 100 Concurrent Users 1-98
2026-05-28 01:53:32,334 INFO o.a.j.t.JMeterThread: Thread is done: Thread Group - 100 Concurrent Users 1-99
2026-05-28 01:53:32,334 INFO o.a.j.t.JMeterThread: Thread finished: Thread Group - 100 Concurrent Users 1-99
2026-05-28 01:53:32,743 INFO o.a.j.t.JMeterThread: Thread is done: Thread Group - 100 Concurrent Users 1-100
2026-05-28 01:53:32,743 INFO o.a.j.t.JMeterThread: Thread finished: Thread Group - 100 Concurrent Users 1-100
2026-05-28 01:53:32,743 INFO o.a.j.e.StandardJMeterEngine: Notifying test listeners of end of test
2026-05-28 01:53:32,745 INFO o.a.j.r.Summariser: summary +     13 in 00:00:02 =    5.5/s Avg:   674 Min:   408 Max:   933 Err:     0 (0.00%) Active: 0 Started: 100 Finished: 100
2026-05-28 01:53:32,746 INFO o.a.j.r.Summariser: summary =    400 in 00:01:02 =    6.5/s Avg:   642 Min:   364 Max:  1220 Err:     0 (0.00%)
2026-05-28 01:53:32,747 INFO o.a.j.JMeter: Generating Dashboard
2026-05-28 01:53:32,747 INFO o.a.j.r.d.ReportGenerator: Flushing result collector before report Generation
2026-05-28 01:53:32,769 INFO o.a.j.r.p.NormalizerSampleConsumer: Using format, 'ms', to parse timeStamp field
2026-05-28 01:53:32,911 INFO o.a.j.r.p.AbstractSampleConsumer: class org.apache.jmeter.report.processor.AggregateConsumer#stopProducing(): beginDate produced 0 samples
2026-05-28 01:53:32,911 INFO o.a.j.r.p.AbstractSampleConsumer: class org.apache.jmeter.report.processor.AggregateConsumer#stopProducing(): endDate produced 0 samples
2026-05-28 01:53:32,917 INFO o.a.j.r.p.AbstractSampleConsumer: class org.apache.jmeter.report.processor.ApdexSummaryConsumer#stopProducing(): apdexSummary produced 0 samples
2026-05-28 01:53:32,917 INFO o.a.j.r.p.AbstractSampleConsumer: class org.apache.jmeter.report.processor.RequestsSummaryConsumer#stopProducing(): requestsSummary produced 0 samples
2026-05-28 01:53:32,924 INFO o.a.j.r.p.AbstractSampleConsumer: class org.apache.jmeter.report.processor.StatisticsSummaryConsumer#stopProducing(): statisticsSummary produced 0 samples
2026-05-28 01:53:32,927 INFO o.a.j.r.p.AbstractSampleConsumer: class org.apache.jmeter.report.processor.Top5ErrorsBySamplerConsumer#stopProducing(): top5ErrorsBySampler produced 0 samples
2026-05-28 01:53:32,927 INFO o.a.j.r.p.AbstractSampleConsumer: class org.apache.jmeter.report.processor.ErrorsSummaryConsumer#stopProducing(): errorsSummary produced 0 samples
2026-05-28 01:53:32,927 INFO o.a.j.r.p.AbstractSampleConsumer: class org.apache.jmeter.report.processor.graph.impl.HitsPerSecondGraphConsumer#stopProducing(): hitsPerSecond produced 0 samples
2026-05-28 01:53:32,975 INFO o.a.j.r.p.AbstractSampleConsumer: class org.apache.jmeter.report.processor.graph.impl.LatencyVSRequestGraphConsumer#stopProducing(): latencyVsRequest produced 0 samples
2026-05-28 01:53:32,976 INFO o.a.j.r.p.AbstractSampleConsumer: class org.apache.jmeter.report.processor.graph.impl.SyntheticResponseTimeDistributionGraphConsumer#stopProducing(): syntheticResponseTimeDistribution produced 0 samples
2026-05-28 01:53:32,976 INFO o.a.j.r.p.AbstractSampleConsumer: class org.apache.jmeter.report.processor.graph.impl.BytesThroughputGraphConsumer#stopProducing(): bytesThroughputOverTime produced 0 samples
2026-05-28 01:53:32,976 INFO o.a.j.r.p.AbstractSampleConsumer: class org.apache.jmeter.report.processor.graph.impl.CodesPerSecondGraphConsumer#stopProducing(): codesPerSecond produced 0 samples
2026-05-28 01:53:33,028 INFO o.a.j.r.p.AbstractSampleConsumer: class org.apache.jmeter.report.processor.graph.impl.ResponseTimeVSRequestGraphConsumer#stopProducing(): responseTimeVsRequest produced 0 samples
2026-05-28 01:53:33,028 INFO o.a.j.r.p.AbstractSampleConsumer: class org.apache.jmeter.report.processor.FilterConsumer#stopProducing(): startIntervalControlerFilter produced 2800 samples
2026-05-28 01:53:33,028 INFO o.a.j.r.p.AbstractSampleConsumer: class org.apache.jmeter.report.processor.graph.impl.TotalTPSGraphConsumer#stopProducing(): totalTPS produced 0 samples
2026-05-28 01:53:33,028 INFO o.a.j.r.p.AbstractSampleConsumer: class org.apache.jmeter.report.processor.graph.impl.ActiveThreadsGraphConsumer#stopProducing(): activeThreadsOverTime produced 0 samples
2026-05-28 01:53:33,029 INFO o.a.j.r.p.AbstractSampleConsumer: class org.apache.jmeter.report.processor.graph.impl.TimeVSThreadGraphConsumer#stopProducing(): timeVsThreads produced 0 samples
2026-05-28 01:53:33,029 INFO o.a.j.r.p.AbstractSampleConsumer: class org.apache.jmeter.report.processor.graph.impl.ResponseTimeDistributionGraphConsumer#stopProducing(): responseTimeDistribution produced 0 samples
2026-05-28 01:53:33,029 INFO o.a.j.r.p.AbstractSampleConsumer: class org.apache.jmeter.report.processor.graph.impl.TransactionsPerSecondGraphConsumer#stopProducing(): transactionsPerSecond produced 0 samples
2026-05-28 01:53:33,029 INFO o.a.j.r.p.AbstractSampleConsumer: class org.apache.jmeter.report.processor.graph.impl.ResponseTimePercentilesGraphConsumer#stopProducing(): responseTimePercentiles produced 0 samples
2026-05-28 01:53:33,032 INFO o.a.j.r.p.AbstractSampleConsumer: class org.apache.jmeter.report.processor.graph.impl.ResponseTimePercentilesOverTimeGraphConsumer#stopProducing(): responseTimePercentilesOverTime produced 0 samples
2026-05-28 01:53:33,033 INFO o.a.j.r.p.AbstractSampleConsumer: class org.apache.jmeter.report.processor.graph.impl.ResponseTimeOverTimeGraphConsumer#stopProducing(): responseTimesOverTime produced 0 samples
2026-05-28 01:53:33,033 INFO o.a.j.r.p.AbstractSampleConsumer: class org.apache.jmeter.report.processor.graph.impl.ConnectTimeOverTimeGraphConsumer#stopProducing(): connectTimeOverTime produced 0 samples
2026-05-28 01:53:33,033 INFO o.a.j.r.p.AbstractSampleConsumer: class org.apache.jmeter.report.processor.graph.impl.LatencyOverTimeGraphConsumer#stopProducing(): latenciesOverTime produced 0 samples
2026-05-28 01:53:33,034 INFO o.a.j.r.p.AbstractSampleConsumer: class org.apache.jmeter.report.processor.FilterConsumer#stopProducing(): nameFilter produced 6000 samples
2026-05-28 01:53:33,034 INFO o.a.j.r.p.AbstractSampleConsumer: class org.apache.jmeter.report.processor.FilterConsumer#stopProducing(): dateRangeFilter produced 1200 samples
2026-05-28 01:53:33,034 INFO o.a.j.r.p.AbstractSampleConsumer: class org.apache.jmeter.report.processor.NormalizerSampleConsumer#stopProducing(): normalizer produced 400 samples
2026-05-28 01:53:33,034 INFO o.a.j.r.p.CsvFileSampleSource: produce(): 400 samples produced in 235ms on channel 0
2026-05-28 01:53:33,034 INFO o.a.j.r.d.ReportGenerator: Exporting data using exporter:'json' of className:'org.apache.jmeter.report.dashboard.JsonExporter'
2026-05-28 01:53:33,153 INFO o.a.j.r.d.JsonExporter: Found data for consumer statisticsSummary in context
2026-05-28 01:53:33,153 INFO o.a.j.r.d.JsonExporter: Creating statistics for overall
2026-05-28 01:53:33,157 INFO o.a.j.r.d.JsonExporter: Creating statistics for other transactions
2026-05-28 01:53:33,157 INFO o.a.j.r.d.JsonExporter: Checking output folder
2026-05-28 01:53:33,158 INFO o.a.j.r.d.JsonExporter: Writing statistics JSON to C:\Users\RAUNAK\Downloads\Sprint 3 d\capstone_project\performance-testing\html-report\statistics.json
2026-05-28 01:53:33,288 INFO o.a.j.r.d.ReportGenerator: Exporting data using exporter:'html' of className:'org.apache.jmeter.report.dashboard.HtmlTemplateExporter'
2026-05-28 01:53:33,293 INFO o.a.j.r.d.HtmlTemplateExporter: Will generate dashboard in folder: C:\Users\RAUNAK\Downloads\Sprint 3 d\capstone_project\performance-testing\html-report
2026-05-28 01:53:33,472 INFO o.a.j.r.d.HtmlTemplateExporter: Report will be generated in: C:\Users\RAUNAK\Downloads\Sprint 3 d\capstone_project\performance-testing\html-report, creating folder structure
2026-05-28 01:53:33,478 INFO o.a.j.r.d.TemplateVisitor: Copying folder from 'C:\Users\RAUNAK\Downloads\apache-jmeter-5.6.3\apache-jmeter-5.6.3\bin\report-template' to 'C:\Users\RAUNAK\Downloads\Sprint 3 d\capstone_project\performance-testing\html-report', got message: C:\Users\RAUNAK\Downloads\Sprint 3 d\capstone_project\performance-testing\html-report, found non empty folder with following content [C:\Users\RAUNAK\Downloads\Sprint 3 d\capstone_project\performance-testing\html-report\statistics.json], will be ignored
2026-05-28 01:53:34,017 INFO o.a.j.JMeter: Dashboard generated
